2023-08-06 00:27:15.281667 - Initialized conversion of CBT027
2023-08-06 00:27:15.428365 - Received CBT.V505.FILE027.PDS from FILE027.XMI 
2023-08-06 00:27:15.430513 - Found $$$#DATE.txt (text/plain) in CBT.V505.FILE027.PDS, moved to PDS/$$$#DATE
2023-08-06 00:27:15.431450 - Found $$DOC.txt (text/plain) in CBT.V505.FILE027.PDS, moved to PDS/$$DOC
2023-08-06 00:27:15.432396 - Found $CLEAR.txt (text/plain) in CBT.V505.FILE027.PDS, moved to PDS/$CLEAR
2023-08-06 00:27:15.433323 - Found $DFLAG.txt (text/plain) in CBT.V505.FILE027.PDS, moved to PDS/$DFLAG
2023-08-06 00:27:15.434219 - Found $EPILOG.txt (text/plain) in CBT.V505.FILE027.PDS, moved to PDS/$EPILOG
2023-08-06 00:27:15.435049 - Found $FLAG.txt (text/plain) in CBT.V505.FILE027.PDS, moved to PDS/$FLAG
2023-08-06 00:27:15.435912 - Found $HEAD.txt (text/plain) in CBT.V505.FILE027.PDS, moved to PDS/$HEAD
2023-08-06 00:27:15.436758 - Found $PROLOG.txt (text/plain) in CBT.V505.FILE027.PDS, moved to PDS/$PROLOG
2023-08-06 00:27:15.437673 - Found $REGS.txt (text/plain) in CBT.V505.FILE027.PDS, moved to PDS/$REGS
2023-08-06 00:27:15.438522 - Found $TEST.txt (text/plain) in CBT.V505.FILE027.PDS, moved to PDS/$TEST
2023-08-06 00:27:15.439397 - Found #CONVDAT.txt (text/plain) in CBT.V505.FILE027.PDS, moved to PDS/#CONVDAT
2023-08-06 00:27:15.440267 - Found @FILE027.txt (text/plain) in CBT.V505.FILE027.PDS, moved to PDS/@FILE027
2023-08-06 00:27:15.441178 - Found DATECHCK.jcl (text/plain) in CBT.V505.FILE027.PDS, moved to PDS/DATECHCK
2023-08-06 00:27:15.442039 - Found DAYCCA01.txt (text/plain) in CBT.V505.FILE027.PDS, moved to PDS/DAYCCA01
2023-08-06 00:27:15.442875 - Found DAYCCA02.txt (text/plain) in CBT.V505.FILE027.PDS, moved to PDS/DAYCCA02
2023-08-06 00:27:15.443716 - Found DAYCCA03.txt (text/plain) in CBT.V505.FILE027.PDS, moved to PDS/DAYCCA03
2023-08-06 00:27:15.444551 - Found DAYCCA04.txt (text/plain) in CBT.V505.FILE027.PDS, moved to PDS/DAYCCA04
2023-08-06 00:27:15.445424 - Found DAYCCA05.txt (text/plain) in CBT.V505.FILE027.PDS, moved to PDS/DAYCCA05
2023-08-06 00:27:15.446296 - Found DAYCCA06.txt (text/plain) in CBT.V505.FILE027.PDS, moved to PDS/DAYCCA06
2023-08-06 00:27:15.447125 - Found DAYCCA07.txt (text/plain) in CBT.V505.FILE027.PDS, moved to PDS/DAYCCA07
2023-08-06 00:27:15.447965 - Found DAYCC001.txt (text/plain) in CBT.V505.FILE027.PDS, moved to PDS/DAYCC001
2023-08-06 00:27:15.448856 - Found DAYC0001.txt (text/plain) in CBT.V505.FILE027.PDS, moved to PDS/DAYC0001
